<?xml version="1.0" encoding="UTF-8"?>
<!-- Generated by org.testng.reporters.JUnitXMLReporter -->
<testsuite hostname="EVS01CPB367" ignored="0" name="ISB Suite" tests="1" failures="1" timestamp="06 Feb 2017 07:50:17 GMT" time="0.022" errors="0">
  <testcase name="report" time="0.0" classname="Action_pkg.newcustomer_signup">
    <failure type="org.testng.TestNGException" message="
Cannot inject @Test annotated Method [report] with [int].
For more information on native dependency injection please refer to http://testng.org/doc/documentation-main.html#native-dependency-injection">
      <![CDATA[org.testng.TestNGException: 
Cannot inject @Test annotated Method [report] with [int].
For more information on native dependency injection please refer to http://testng.org/doc/documentation-main.html#native-dependency-injection
... Removed 24 stack frames]]>
    </failure>
  </testcase> <!-- report -->
</testsuite> <!-- ISB Suite -->
