<?xml version="1.0" encoding="UTF-8"?>
<testng-results skipped="0" failed="0" ignored="0" total="1" passed="1">
  <reporter-output>
  </reporter-output>
  <suite name="Default suite" duration-ms="40225" started-at="2017-02-20T10:19:16Z" finished-at="2017-02-20T10:19:57Z">
    <groups>
    </groups>
    <test name="Default test" duration-ms="40225" started-at="2017-02-20T10:19:16Z" finished-at="2017-02-20T10:19:57Z">
      <class name="Testcase_pkg.framework">
        <test-method status="PASS" signature="beforemethod()[pri:0, instance:Testcase_pkg.framework@14bf9759]" name="beforemethod" is-config="true" duration-ms="16898" started-at="2017-02-20T15:49:17Z" finished-at="2017-02-20T15:49:33Z">
          <reporter-output>
          </reporter-output>
        </test-method> <!-- beforemethod -->
        <test-method status="PASS" signature="main()[pri:0, instance:Testcase_pkg.framework@14bf9759]" name="main" duration-ms="23292" started-at="2017-02-20T15:49:33Z" finished-at="2017-02-20T15:49:57Z">
          <reporter-output>
          </reporter-output>
        </test-method> <!-- main -->
      </class> <!-- Testcase_pkg.framework -->
    </test> <!-- Default test -->
  </suite> <!-- Default suite -->
</testng-results>
